Log file open, 10/09/17 14:07:15
LogWindows: Failed to load 'aqProf.dll' (GetLastError=126)
LogWindows: File 'aqProf.dll' does not exist
LogWindows: Failed to load 'VSPerf140.dll' (GetLastError=126)
LogWindows: File 'VSPerf140.dll' does not exist
LogWindows: Failed to load 'VtuneApi.dll' (GetLastError=126)
LogWindows: File 'VtuneApi.dll' does not exist
LogWindows: Failed to load 'VtuneApi32e.dll' (GetLastError=126)
LogWindows: File 'VtuneApi32e.dll' does not exist
LogInit: Display: Running engine for game: Bowcaster
LogPlatformFile: Not using cached read wrapper
LogInit: Display: RandInit(1184471268) SRandInit(1184471269).
LogTaskGraph: Started task graph with 5 named threads and 8 total threads with 3 sets of task threads.
LogStats: Stats thread started at 0.116988
LogD3D11RHI: Aftermath initialized
LogPluginManager: Mounting plugin Paper2D
LogPluginManager: Mounting plugin LightPropagationVolume
LogPluginManager: Mounting plugin CodeLiteSourceCodeAccess
LogPluginManager: Mounting plugin GitSourceControl
LogPluginManager: Mounting plugin KDevelopSourceCodeAccess
LogPluginManager: Mounting plugin NullSourceCodeAccess
LogPluginManager: Mounting plugin PerforceSourceControl
LogPluginManager: Mounting plugin SubversionSourceControl
LogPluginManager: Mounting plugin UObjectPlugin
LogPluginManager: Mounting plugin VisualStudioSourceCodeAccess
LogPluginManager: Mounting plugin XCodeSourceCodeAccess
LogPluginManager: Mounting plugin AssetManagerEditor
LogPluginManager: Mounting plugin AudioCapture
LogPluginManager: Mounting plugin FacialAnimation
LogPluginManager: Mounting plugin GameplayTagsEditor
LogPluginManager: Mounting plugin MobileLauncherProfileWizard
LogPluginManager: Mounting plugin PluginBrowser
LogPluginManager: Mounting plugin SpeedTreeImporter
LogPluginManager: Mounting plugin AlembicImporter
LogPluginManager: Mounting plugin CharacterAI
LogPluginManager: Mounting plugin HTML5Networking
LogPluginManager: Mounting plugin AndroidMedia
LogPluginManager: Mounting plugin AvfMedia
LogPluginManager: Mounting plugin MediaPlayerEditor
LogPluginManager: Mounting plugin WmfMedia
LogPluginManager: Mounting plugin TcpMessaging
LogPluginManager: Mounting plugin UdpMessaging
LogPluginManager: Mounting plugin LevelSequenceEditor
LogPluginManager: Mounting plugin MatineeToLevelSequence
LogPluginManager: Mounting plugin OnlineSubsystemGooglePlay
LogPluginManager: Mounting plugin OnlineSubsystemIOS
LogPluginManager: Mounting plugin OnlineSubsystem
LogPluginManager: Mounting plugin OnlineSubsystemNull
LogPluginManager: Mounting plugin OnlineSubsystemUtils
LogPluginManager: Mounting plugin AndroidDeviceProfileSelector
LogPluginManager: Mounting plugin AndroidMoviePlayer
LogPluginManager: Mounting plugin AndroidPermission
LogPluginManager: Mounting plugin AppleMoviePlayer
LogPluginManager: Mounting plugin ArchVisCharacter
LogPluginManager: Mounting plugin CableComponent
LogPluginManager: Mounting plugin CustomMeshComponent
LogPluginManager: Mounting plugin ExampleDeviceProfileSelector
LogPluginManager: Mounting plugin GoogleCloudMessaging
LogPluginManager: Mounting plugin ImmediatePhysics
LogPluginManager: Mounting plugin IOSDeviceProfileSelector
LogPluginManager: Mounting plugin LinuxDeviceProfileSelector
LogPluginManager: Mounting plugin LocationServicesBPLibrary
LogPluginManager: Mounting plugin MobilePatchingUtils
LogPluginManager: Mounting plugin OculusVR
LogPluginManager: Mounting plugin PhysXVehicles
LogPluginManager: Mounting plugin ProceduralMeshComponent
LogPluginManager: Mounting plugin RuntimePhysXCooking
LogPluginManager: Mounting plugin SteamVR
LogPluginManager: Mounting plugin WindowsMoviePlayer
LogInit: Using libcurl 7.47.1
LogInit:  - built for x86_64-pc-win32
LogInit:  - supports SSL with OpenSSL/1.0.2g
LogInit:  - supports HTTP deflate (compression) using libz 1.2.8
LogInit:  - other features:
LogInit:      CURL_VERSION_SSL
LogInit:      CURL_VERSION_LIBZ
LogInit:      CURL_VERSION_IPV6
LogInit:      CURL_VERSION_ASYNCHDNS
LogInit:      CURL_VERSION_LARGEFILE
LogInit:      CURL_VERSION_IDN
LogInit:  CurlRequestOptions (configurable via config and command line):
LogInit:  - bVerifyPeer = false  - Libcurl will NOT verify peer certificate
LogInit:  - bUseHttpProxy = false  - Libcurl will NOT use HTTP proxy
LogInit:  - bDontReuseConnections = false  - Libcurl will reuse connections
LogInit:  - CertBundlePath = nullptr  - Libcurl will use whatever was configured at build time.
LogInit: Build: ++UE4+Release-4.17-CL-3658906
LogInit: Engine Version: 4.17.2-3658906+++UE4+Release-4.17
LogInit: Compatible Engine Version: 4.17.0-3573198+++UE4+Release-4.17
LogInit: Net CL: 3573198
LogDevObjectVersion: Number of dev versions registered: 16
LogDevObjectVersion:   Dev-Blueprints (B0D832E4-1F89-4F0D-ACCF-7EB736FD4AA2): 10
LogDevObjectVersion:   Dev-Build (E1C64328-A22C-4D53-A36C-8E866417BD8C): 0
LogDevObjectVersion:   Dev-Core (375EC13C-06E4-48FB-B500-84F0262A717E): 2
LogDevObjectVersion:   Dev-Editor (E4B068ED-F494-42E9-A231-DA0B2E46BB41): 20
LogDevObjectVersion:   Dev-Framework (CFFC743F-43B0-4480-9391-14DF171D2073): 28
LogDevObjectVersion:   Dev-Mobile (B02B49B5-BB20-44E9-A304-32B752E40360): 0
LogDevObjectVersion:   Dev-Networking (A4E4105C-59A1-49B5-A7C5-40C4547EDFEE): 0
LogDevObjectVersion:   Dev-Online (39C831C9-5AE6-47DC-9A44-9C173E1C8E7C): 0
LogDevObjectVersion:   Dev-Physics (78F01B33-EBEA-4F98-B9B4-84EACCB95AA2): 0
LogDevObjectVersion:   Dev-Platform (6631380F-2D4D-43E0-8009-CF276956A95A): 0
LogDevObjectVersion:   Dev-Rendering (12F88B9F-8875-4AFC-A67C-D90C383ABD29): 19
LogDevObjectVersion:   Dev-Sequencer (7B5AE74C-D270-4C10-A958-57980B212A5A): 4
LogDevObjectVersion:   Dev-VR (D7296918-1DD6-4BDD-9DE2-64A83CC13884): 0
LogDevObjectVersion:   Dev-LoadTimes (C2A15278-BFE7-4AFE-6C17-90FF531DF755): 1
LogDevObjectVersion:   Private-Geometry (6EACA3D4-40EC-4CC1-B786-8BED09428FC5): 1
LogDevObjectVersion:   Dev-AnimPhys (29E575DD-E0A3-4627-9D10-D276232CDCEA): 7
LogInit: Compiled (64-bit): Sep 22 2017 13:47:16
LogInit: Compiled with Visual C++: 19.00.24215.01
LogInit: Build Configuration: Development
LogInit: Branch Name: ++UE4+Release-4.17
LogInit: Command line: -EpicPortal 
LogInit: Base directory: C:/Program Files/Epic Games/UE_4.17/Engine/Binaries/Win64/
LogInit: Installed Engine Build: 1
LogInit: Presizing for max 8388607 objects, including 0 objects not considered by GC, pre-allocating 0 bytes for permanent pool.
LogInit: Object subsystem initialized
[2017.10.09-18.07.16:435][  0]LogInit: Selected Device Profile: [Windows]
[2017.10.09-18.07.16:435][  0]LogInit: Applying CVar settings loaded from the selected device profile: [Windows]
[2017.10.09-18.07.16:449][  0]LogInit: Computer: DESKTOP-JT6PUOV
[2017.10.09-18.07.16:449][  0]LogInit: User: Timothy
[2017.10.09-18.07.16:449][  0]LogInit: CPU Page size=4096, Cores=2
[2017.10.09-18.07.16:449][  0]LogInit: High frequency timer resolution =2.533208 MHz
[2017.10.09-18.07.16:449][  0]LogMemory: Memory total: Physical=7.7GB (8GB approx)
[2017.10.09-18.07.16:449][  0]LogMemory: Platform Memory Stats for Windows
[2017.10.09-18.07.16:449][  0]LogMemory: Process Physical Memory: 278.54 MB used, 278.54 MB peak
[2017.10.09-18.07.16:450][  0]LogMemory: Process Virtual Memory: 275.72 MB used, 275.72 MB peak
[2017.10.09-18.07.16:450][  0]LogMemory: Physical Memory: 4545.90 MB used,  3332.87 MB free, 7878.77 MB total
[2017.10.09-18.07.16:450][  0]LogMemory: Virtual Memory: 666.73 MB used,  3332.87 MB free, 134217728.00 MB total
[2017.10.09-18.07.16:629][  0]LogInit: Using OS detected language (en-US).
[2017.10.09-18.07.16:629][  0]LogInit: Using OS detected locale (en-CA).
[2017.10.09-18.07.16:634][  0]LogTextLocalizationManager: No specific localization for 'en-US' exists, so the 'en' localization will be used.
[2017.10.09-18.07.17:438][  0]LogD3D11RHI: D3D11 adapters:
[2017.10.09-18.07.17:444][  0]LogD3D11RHI:    0. 'Intel(R) HD Graphics 4600' (Feature Level 11_0)
[2017.10.09-18.07.17:444][  0]LogD3D11RHI:       112/0/2048 MB DedicatedVideo/DedicatedSystem/SharedSystem, Outputs:1, VendorId:0x8086
[2017.10.09-18.07.17:446][  0]LogD3D11RHI:    1. 'Microsoft Basic Render Driver' (Feature Level 11_0)
[2017.10.09-18.07.17:446][  0]LogD3D11RHI:       0/0/3939 MB DedicatedVideo/DedicatedSystem/SharedSystem, Outputs:0, VendorId:0x1414
[2017.10.09-18.07.17:446][  0]LogD3D11RHI: Chosen D3D11 Adapter: 0
[2017.10.09-18.07.17:452][  0]LogD3D11RHI: Creating new Direct3DDevice
[2017.10.09-18.07.17:452][  0]LogD3D11RHI:     GPU DeviceId: 0x416 (for the marketing name, search the web for "GPU Device Id")
[2017.10.09-18.07.17:452][  0]LogWindows: EnumDisplayDevices:
[2017.10.09-18.07.17:453][  0]LogWindows:    0. 'Intel(R) HD Graphics 4600' (P:1 D:1)
[2017.10.09-18.07.17:453][  0]LogWindows:    1. 'Intel(R) HD Graphics 4600' (P:0 D:0)
[2017.10.09-18.07.17:453][  0]LogWindows:    2. 'Intel(R) HD Graphics 4600' (P:0 D:0)
[2017.10.09-18.07.17:453][  0]LogWindows: DebugString: FoundDriverCount:3 
[2017.10.09-18.07.17:453][  0]LogD3D11RHI:     Adapter Name: Intel(R) HD Graphics 4600
[2017.10.09-18.07.17:453][  0]LogD3D11RHI:   Driver Version: 20.19.15.4531 (internal:20.19.15.4531, unified:20.19.15.4531)
[2017.10.09-18.07.17:453][  0]LogD3D11RHI:      Driver Date: 9-29-2016
[2017.10.09-18.07.17:453][  0]LogRHI: Texture pool is 795 MB (70% of 1136 MB)
[2017.10.09-18.07.17:458][  0]LogD3D11RHI: Async texture creation enabled
[2017.10.09-18.07.17:462][  0]LogD3D11RHI: GPU Timing Frequency: 12.500000 (Debug: 2 0)
[2017.10.09-18.07.17:462][  0]LogShaderCompilers: Guid format shader working directory is -24 characters bigger than the processId version (../../../../../../Users/Timothy/Documents/GitHub/csc404-group3/Bowcaster/Intermediate/Shaders/WorkingDirectory/3380/).
[2017.10.09-18.07.17:463][  0]LogShaderCompilers: Cleaned the shader compiler working directory 'C:/Users/Timothy/AppData/Local/Temp/UnrealShaderWorkingDir/88C780324867CA56D94C7287F8EE7F66/'.
[2017.10.09-18.07.17:463][  0]LogShaderCompilers: Display: Using Local Shader Compiler.
[2017.10.09-18.07.18:490][  0]LogTemp: Display: Loaded TP AllDesktopTargetPlatform
[2017.10.09-18.07.18:546][  0]LogTemp: Display: Loaded TP MacClientTargetPlatform
[2017.10.09-18.07.18:598][  0]LogTemp: Display: Loaded TP MacNoEditorTargetPlatform
[2017.10.09-18.07.18:652][  0]LogTemp: Display: Loaded TP MacServerTargetPlatform
[2017.10.09-18.07.18:706][  0]LogTemp: Display: Loaded TP MacTargetPlatform
[2017.10.09-18.07.18:758][  0]LogTemp: Display: Loaded TP WindowsClientTargetPlatform
[2017.10.09-18.07.18:816][  0]LogTemp: Display: Loaded TP WindowsNoEditorTargetPlatform
[2017.10.09-18.07.18:871][  0]LogTemp: Display: Loaded TP WindowsServerTargetPlatform
[2017.10.09-18.07.18:917][  0]LogTemp: Display: Loaded TP WindowsTargetPlatform
[2017.10.09-18.07.18:968][  0]LogTemp: Display: Loaded TP AndroidTargetPlatform
[2017.10.09-18.07.19:018][  0]LogTemp: Display: Loaded TP Android_ASTCTargetPlatform
[2017.10.09-18.07.19:069][  0]LogTemp: Display: Loaded TP Android_ATCTargetPlatform
[2017.10.09-18.07.19:126][  0]LogTemp: Display: Loaded TP Android_DXTTargetPlatform
[2017.10.09-18.07.19:179][  0]LogTemp: Display: Loaded TP Android_ETC1TargetPlatform
[2017.10.09-18.07.19:233][  0]LogTemp: Display: Loaded TP Android_ETC2TargetPlatform
[2017.10.09-18.07.19:337][  0]LogTemp: Display: Loaded TP Android_MultiTargetPlatform
[2017.10.09-18.07.19:338][  0]LogTemp: Display: Loaded TP Android_PVRTCTargetPlatform
[2017.10.09-18.07.19:377][  0]LogTemp: Display: Loaded TP HTML5TargetPlatform
[2017.10.09-18.07.19:475][  0]LogTemp: Display: Loaded TP IOSTargetPlatform
[2017.10.09-18.07.19:506][  0]LogTemp: Display: Loaded TP TVOSTargetPlatform
[2017.10.09-18.07.19:557][  0]LogTemp: Display: Loaded TP LinuxClientTargetPlatform
[2017.10.09-18.07.19:611][  0]LogTemp: Display: Loaded TP LinuxNoEditorTargetPlatform
[2017.10.09-18.07.19:662][  0]LogTemp: Display: Loaded TP LinuxServerTargetPlatform
[2017.10.09-18.07.19:713][  0]LogTemp: Display: Loaded TP LinuxTargetPlatform
[2017.10.09-18.07.19:713][  0]LogTargetPlatformManager: Display: Building Assets For Windows
[2017.10.09-18.07.20:226][  0]LogDerivedDataCache: Display: Max Cache Size: 512 MB
[2017.10.09-18.07.20:344][  0]LogDerivedDataCache: Loaded boot cache 0.12s 93MB C:/Users/Timothy/AppData/Local/UnrealEngine/4.17/DerivedDataCache/Boot.ddc.
[2017.10.09-18.07.20:344][  0]LogDerivedDataCache: Display: Loaded Boot cache: C:/Users/Timothy/AppData/Local/UnrealEngine/4.17/DerivedDataCache/Boot.ddc
[2017.10.09-18.07.20:344][  0]LogDerivedDataCache: FDerivedDataBackendGraph:  Pak pak cache file ../../../../../../Users/Timothy/Documents/GitHub/csc404-group3/Bowcaster/DerivedDataCache/DDC.ddp not found, will not use a pak cache.
[2017.10.09-18.07.20:344][  0]LogDerivedDataCache: Unable to find inner node Pak for hierarchical cache Hierarchy.
[2017.10.09-18.07.20:344][  0]LogDerivedDataCache: FDerivedDataBackendGraph:  CompressedPak pak cache file ../../../../../../Users/Timothy/Documents/GitHub/csc404-group3/Bowcaster/DerivedDataCache/Compressed.ddp not found, will not use a pak cache.
[2017.10.09-18.07.20:344][  0]LogDerivedDataCache: Unable to find inner node CompressedPak for hierarchical cache Hierarchy.
[2017.10.09-18.07.20:362][  0]LogDerivedDataCache: Display: Pak cache opened for reading ../../../Engine/DerivedDataCache/Compressed.ddp.
[2017.10.09-18.07.20:375][  0]LogDerivedDataCache: Using Local data cache path C:/Users/Timothy/AppData/Local/UnrealEngine/Common/DerivedDataCache: Writable
[2017.10.09-18.07.20:387][  0]LogMaterial: Verifying Global Shaders for PCD3D_SM5
[2017.10.09-18.07.20:387][  0]LogSlate: Using Freetype 2.6.0
[2017.10.09-18.07.20:387][  0]LogSlate: SlateFontCache - WITH_FREETYPE: 1, WITH_HARFBUZZ: 1
[2017.10.09-18.07.20:388][  0]LogSlate: SlateFontCache - WITH_FREETYPE: 1, WITH_HARFBUZZ: 1
[2017.10.09-18.07.20:687][  0]LogAssetRegistry: FAssetRegistry took 0.0265 seconds to start up
[2017.10.09-18.07.20:841][  0]LogInit: Selected Device Profile: [Windows]
[2017.10.09-18.07.21:252][  0]LogSimplygon: Simplygon DLL not present - disabling.
[2017.10.09-18.07.21:295][  0]LogMeshReduction: Using SimplygonSwarm for distributed automatic mesh merging
[2017.10.09-18.07.21:295][  0]LogMeshReduction: Using QuadricMeshReduction for automatic static mesh reduction
[2017.10.09-18.07.21:295][  0]LogMeshReduction: No automatic skeletal mesh reduction module available
[2017.10.09-18.07.21:295][  0]LogMeshReduction: No automatic mesh merging module available
[2017.10.09-18.07.21:295][  0]LogMeshMerging: No automatic mesh merging module available
[2017.10.09-18.07.21:315][  0]LogContentStreaming: Texture pool size is 0.00 MB
[2017.10.09-18.07.21:793][  0]LogNetVersion: Bowcaster , NetCL: 3573198, EngineNetVer: 2, GameNetVer: 0 (Checksum: 4119434037)
[2017.10.09-18.07.22:055][  0]LogPackageLocalizationCache: Processed 5 localized package path(s) for 2 prioritized culture(s) in 0.051794 seconds
[2017.10.09-18.07.22:062][  0]LogUObjectArray: 35825 objects as part of root set at end of initial load.
[2017.10.09-18.07.22:062][  0]LogUObjectAllocator: 7529112 out of 0 bytes used by permanent object pool.
[2017.10.09-18.07.22:062][  0]LogUObjectArray: CloseDisregardForGC: 0/0 objects in disregard for GC pool
[2017.10.09-18.07.22:133][  0]LogInit: WinSock: version 1.1 (2.2), MaxSocks=32767, MaxUdp=65467
[2017.10.09-18.07.25:135][  0]LogTcpMessaging: Initializing TcpMessaging bridge
[2017.10.09-18.07.25:187][  0]LogUdpMessaging: Initializing bridge on interface 0.0.0.0:0 to multicast group 230.0.0.1:6666.
[2017.10.09-18.07.25:887][  0]LogMaterial: Uniform references updated for custom material expression Custom.
[2017.10.09-18.07.26:346][  0]SourceControl: Source control is disabled
[2017.10.09-18.07.27:340][  0]LogAndroidPermission: UAndroidPermissionCallbackProxy::GetInstance
[2017.10.09-18.07.27:612][  0]LogOcInput: OculusInput pre-init called
[2017.10.09-18.07.27:883][  0]LogEngine: Initializing Engine...
[2017.10.09-18.07.27:885][  0]LogHMD: Failed to initialize OpenVR with code 110
[2017.10.09-18.07.28:168][  0]LogStats: UGameplayTagsManager::ConstructGameplayTagTree: Construct from data asset -  0.000 s
[2017.10.09-18.07.28:168][  0]LogStats: UGameplayTagsManager::ConstructGameplayTagTree: GameplayTagTreeChangedEvent.Broadcast -  0.000 s
[2017.10.09-18.07.28:305][  0]LogAIModule: Creating AISystem for world Untitled
[2017.10.09-18.07.28:310][  0]LogInit: XAudio2 using 'Speaker/HP (Realtek High Definition Audio)' : 2 channels at 48 kHz using 32 bits per sample (channel mask 0x3)
[2017.10.09-18.07.28:329][  0]LogInit: FAudioDevice initialized.
[2017.10.09-18.07.28:428][  0]LogDerivedDataCache: Saved boot cache 0.10s 93MB C:/Users/Timothy/AppData/Local/UnrealEngine/4.17/DerivedDataCache/Boot.ddc.
[2017.10.09-18.07.28:444][  0]LogInit: Texture streaming: Enabled
[2017.10.09-18.07.28:562][  0]LogEngineSessionManager: EngineSessionManager initialized
[2017.10.09-18.07.28:789][  0]LogInit: Transaction tracking system initialized
[2017.10.09-18.07.29:104][  0]BlueprintLog: New page: Editor Load
[2017.10.09-18.07.30:024][  0]LocalizationService: Localization service is disabled
[2017.10.09-18.07.30:748][  0]LogConsoleResponse: Display: 
[2017.10.09-18.07.30:984][  0]LogCook: Display: Max memory allowance for cook 16384mb min free memory 0mb
[2017.10.09-18.07.30:984][  0]LogCook: Display: Mobile HDR setting 1
[2017.10.09-18.07.30:985][  0]LogGameplayTags: Display: UGameplayTagsManager::DoneAddingNativeTags. DelegateIsBound: 0
[2017.10.09-18.07.30:991][  0]LogFileCache: Scanning file cache for directory 'C:/Users/Timothy/Documents/GitHub/csc404-group3/Bowcaster/Content/' took 0.01s
[2017.10.09-18.07.32:090][  0]Cmd: MAP LOAD FILE="../../../Engine/Content/Maps/Templates/Template_Default.umap" TEMPLATE=1 SHOWPROGRESS=1 FEATURELEVEL=3
[2017.10.09-18.07.32:091][  0]LightingResults: New page: Lighting Build
[2017.10.09-18.07.32:137][  0]MapCheck: New page: Map Check
[2017.10.09-18.07.32:137][  0]LightingResults: New page: Lighting Build
[2017.10.09-18.07.32:347][  0]LogAIModule: Creating AISystem for world Untitled_1
[2017.10.09-18.07.32:353][  0]LogEditorServer: Finished looking for orphan Actors (0.000 secs)
[2017.10.09-18.07.32:375][  0]Cmd: MAP CHECKDEP NOCLEARLOG
[2017.10.09-18.07.32:429][  0]MapCheck: Map check complete: 0 Error(s), 0 Warning(s), took 53.314ms to complete.
[2017.10.09-18.07.32:429][  0]LogFileHelpers: Loading map 'Template_Default' took 0.339
[2017.10.09-18.07.32:630][  0]LogCollectionManager: Loaded 0 collections in 0.003746 seconds
[2017.10.09-18.07.32:716][  0]LogFileCache: Scanning file cache for directory 'C:/Users/Timothy/Documents/GitHub/csc404-group3/Bowcaster/Saved/Collections/' took 0.01s
[2017.10.09-18.07.32:716][  0]LogFileCache: Scanning file cache for directory 'C:/Users/Timothy/Documents/GitHub/csc404-group3/Bowcaster/Content/Developers/Timothy/Collections/' took 0.01s
[2017.10.09-18.07.32:716][  0]LogFileCache: Scanning file cache for directory 'C:/Users/Timothy/Documents/GitHub/csc404-group3/Bowcaster/Content/Collections/' took 0.01s
[2017.10.09-18.07.32:716][  0]LogCollectionManager: Rebuilt the GUID cache for 0 collections in 0.000000 seconds
[2017.10.09-18.07.32:726][  0]LogContentBrowser: Native class hierarchy populated in 0.0099 seconds. Added 2386 classes and 500 folders.
[2017.10.09-18.07.32:796][  0]LogContentBrowser: Native class hierarchy updated for 'WidgetCarousel' in 0.0006 seconds. Added 0 classes and 0 folders.
[2017.10.09-18.07.32:840][  0]LogContentBrowser: Native class hierarchy updated for 'AddContentDialog' in 0.0006 seconds. Added 0 classes and 0 folders.
[2017.10.09-18.07.32:884][  0]LogContentBrowser: Native class hierarchy updated for 'SceneOutliner' in 0.0007 seconds. Added 1 classes and 2 folders.
[2017.10.09-18.07.32:907][  0]LogSlate: Took 0.000260 seconds to synchronously load lazily loaded font '../../../Engine/Content/Slate/Fonts/Roboto-Regular.ttf' (155K)
[2017.10.09-18.07.32:912][  0]LogSlate: Took 0.000240 seconds to synchronously load lazily loaded font '../../../Engine/Content/Slate/Fonts/Roboto-Bold.ttf' (160K)
[2017.10.09-18.07.32:921][  0]LogSlate: Took 0.000224 seconds to synchronously load lazily loaded font '../../../Engine/Content/Editor/Slate/Fonts/FontAwesome.ttf' (139K)
[2017.10.09-18.07.33:032][  0]LogRenderer: Reallocating scene render targets to support 1004x464 Format 10 NumSamples 1 (Frame:1).
[2017.10.09-18.07.33:563][  0]LogContentBrowser: Native class hierarchy updated for 'HierarchicalLODOutliner' in 0.0007 seconds. Added 1 classes and 2 folders.
[2017.10.09-18.07.33:563][  0]LogLoad: (Engine Initialization) Total time: 19.22 seconds
[2017.10.09-18.07.33:563][  0]LogLoad: (Engine Initialization) Total Blueprint compile time: 0.00 seconds
[2017.10.09-18.07.33:563][  0]LogExternalProfiler: No external profilers were discovered.  External profiling features will not be available.
[2017.10.09-18.07.33:576][  0]LogWindowsTextInputMethodSystem: Display: IME system now deactivated.
[2017.10.09-18.07.33:594][  0]SourceControl: On branch link-kills-hud
[2017.10.09-18.07.33:594][  0]SourceControl: Changes not staged for commit:
[2017.10.09-18.07.33:594][  0]SourceControl:   (use "git add <file>..." to update what will be committed)
[2017.10.09-18.07.33:594][  0]SourceControl:   (use "git checkout -- <file>..." to discard changes in working directory)
[2017.10.09-18.07.33:594][  0]SourceControl: 	modified:   Bowcaster/Intermediate/CachedAssetRegistry.bin
[2017.10.09-18.07.33:594][  0]SourceControl: 	modified:   Bowcaster/Intermediate/Config/CoalescedSourceConfigs/Engine.ini
[2017.10.09-18.07.33:594][  0]SourceControl: 	modified:   Bowcaster/Saved/Config/Windows/Editor.ini
[2017.10.09-18.07.33:594][  0]SourceControl: 	modified:   Bowcaster/Saved/Logs/Bowcaster.log
[2017.10.09-18.07.33:594][  0]SourceControl: no changes added to commit (use "git add" and/or "git commit -a")
[2017.10.09-18.07.33:594][  0]LogContentStreaming: Texture pool size now 1000 MB
[2017.10.09-18.07.33:614][  0]LogSlate: Took 0.000165 seconds to synchronously load lazily loaded font '../../../Engine/Content/Slate/Fonts/Roboto-Light.ttf' (159K)
[2017.10.09-18.07.33:643][  1]LogAssetRegistry: Asset discovery search completed in 12.9780 seconds
[2017.10.09-18.07.33:645][  1]LogCollectionManager: Rebuilt the object cache for 0 collections in 0.000000 seconds (found 0 objects)
[2017.10.09-18.07.33:645][  1]LogCollectionManager: Fixed up redirectors for 0 collections in 0.000052 seconds (updated 0 objects)
[2017.10.09-18.09.17:913][562]LogLinker: Warning: Can't find file '/Game/StarterContent/Materials/M_Basic_Wall'
[2017.10.09-18.09.17:913][562]LogLinker: Warning: Can't find file for asset '/Game/StarterContent/Materials/M_Basic_Wall' while loading ../../../../../../Users/Timothy/Documents/GitHub/csc404-group3/Bowcaster/Content/Art/Geometry/Shape_NarrowCapsule.uasset.
[2017.10.09-18.09.17:913][562]LoadErrors: Error: /Game/Art/Geometry/Shape_NarrowCapsule : Can't find file for asset. /Game/StarterContent/Materials/M_Basic_Wall
[2017.10.09-18.09.17:914][562]LogLinker: Warning: Can't find file '/Game/StarterContent/Materials/M_Basic_Wall'
[2017.10.09-18.09.17:915][562]LogLinker: Warning: Can't find file for asset '/Game/StarterContent/Materials/M_Basic_Wall' while loading ../../../../../../Users/Timothy/Documents/GitHub/csc404-group3/Bowcaster/Content/Art/Geometry/Shape_NarrowCapsule.uasset.
[2017.10.09-18.09.17:950][562]LogLinker: Warning: Can't find file '/Game/StarterContent/Materials/M_Basic_Wall'
[2017.10.09-18.09.17:950][562]LogLinker: Warning: Can't find file for asset '/Game/StarterContent/Materials/M_Basic_Wall' while loading ../../../../../../Users/Timothy/Documents/GitHub/csc404-group3/Bowcaster/Content/Art/Geometry/Shape_Pipe.uasset.
[2017.10.09-18.09.17:950][562]LoadErrors: Error: /Game/Art/Geometry/Shape_Pipe : Can't find file for asset. /Game/StarterContent/Materials/M_Basic_Wall
[2017.10.09-18.09.17:950][562]LogLinker: Warning: Can't find file '/Game/StarterContent/Materials/M_Basic_Wall'
[2017.10.09-18.09.17:950][562]LogLinker: Warning: Can't find file for asset '/Game/StarterContent/Materials/M_Basic_Wall' while loading ../../../../../../Users/Timothy/Documents/GitHub/csc404-group3/Bowcaster/Content/Art/Geometry/Shape_Pipe.uasset.
[2017.10.09-18.09.18:013][562]LogLinker: Warning: Can't find file '/Game/StarterContent/Materials/M_Basic_Wall'
[2017.10.09-18.09.18:013][562]LoadErrors: Failed to load /Game/StarterContent/Materials/M_Basic_Wall.M_Basic_Wall Referenced by Shape_NarrowCapsule
[2017.10.09-18.09.18:013][562]LogLinker: Warning: Can't find file for asset '/Game/StarterContent/Materials/M_Basic_Wall' while loading NULL.
[2017.10.09-18.09.18:015][562]LogLinker: Warning: Can't find file '/Game/StarterContent/Materials/M_Basic_Wall'
[2017.10.09-18.09.18:015][562]LoadErrors: Failed to load /Game/StarterContent/Materials/M_Basic_Wall.M_Basic_Wall Referenced by Shape_Pipe
[2017.10.09-18.09.18:015][562]LogLinker: Warning: Can't find file for asset '/Game/StarterContent/Materials/M_Basic_Wall' while loading NULL.
[2017.10.09-18.09.18:240][562]LogSlate: Took 0.000158 seconds to synchronously load lazily loaded font '../../../Engine/Content/Slate/Fonts/Roboto-Light.ttf' (159K)
[2017.10.09-18.09.18:652][562]LogContentBrowser: Native class hierarchy updated for 'BlueprintGraph' in 0.0010 seconds. Added 113 classes and 0 folders.
[2017.10.09-18.09.19:435][562]LogSlate: Took 0.000144 seconds to synchronously load lazily loaded font '../../../Engine/Content/Slate/Fonts/Roboto-Regular.ttf' (155K)
[2017.10.09-18.09.19:516][562]PIE: Warning: AttachTo: '/Engine/Transient.World_2:PersistentLevel.Player_C_0.CollisionCylinder' cannot be attached to itself. Aborting.
[2017.10.09-18.09.19:520][562]PIE: Warning: AttachTo: '/Engine/Transient.World_0:PersistentLevel.Player_C_1.CollisionCylinder' cannot be attached to itself. Aborting.
[2017.10.09-18.09.19:539][562]LogSlate: Took 0.012124 seconds to synchronously load lazily loaded font '../../../Engine/Content/Editor/Slate/Fonts/Roboto-BoldCondensed.ttf' (158K)
[2017.10.09-18.09.19:881][563]LogSlate: Took 0.012912 seconds to synchronously load lazily loaded font '../../../Engine/Content/Editor/Slate/Fonts/Roboto-Italic.ttf' (157K)
[2017.10.09-18.14.12:044][963]PIE: Warning: AttachTo: '/Engine/Transient.World_0:PersistentLevel.Player_C_1.CollisionCylinder' cannot be attached to itself. Aborting.
[2017.10.09-18.14.12:072][964]LogRenderer: Reallocating scene render targets to support 1152x560 Format 10 NumSamples 1 (Frame:1).
[2017.10.09-18.14.51:623][482]BlueprintLog: New page: Compile Player
[2017.10.09-18.14.51:704][482]PIE: Warning: AttachTo: '/Engine/Transient.World_2:PersistentLevel.Player_C_1.CollisionCylinder' cannot be attached to itself. Aborting.
[2017.10.09-18.14.51:796][482]PIE: Warning: AttachTo: '/Engine/Transient.World_0:PersistentLevel.Player_C_1.CollisionCylinder' cannot be attached to itself. Aborting.
[2017.10.09-18.14.51:909][482]PIE: Warning: AttachTo: '/Engine/Transient.World_2:PersistentLevel.Player_C_1.CollisionCylinder' cannot be attached to itself. Aborting.
[2017.10.09-18.14.51:910][482]PIE: Warning: AttachTo: '/Engine/Transient.World_0:PersistentLevel.Player_C_1.CollisionCylinder' cannot be attached to itself. Aborting.
[2017.10.09-18.14.53:686][639]LogTemp: Repeating last play command: New Editor Window (PIE)
[2017.10.09-18.14.53:752][639]LogPlayLevel: PlayLevel: No blueprints needed recompiling
[2017.10.09-18.14.53:752][639]PIE: New page: PIE session: Untitled_1 (Oct 9, 2017, 10:14:53 AM)
[2017.10.09-18.14.53:752][639]LogPlayLevel: Creating play world package: /Temp/UEDPIE_0_Untitled_1
[2017.10.09-18.14.53:755][639]LogPlayLevel: PIE: StaticDuplicateObject took: (0.002552s)
[2017.10.09-18.14.53:756][639]LogAIModule: Creating AISystem for world Untitled_1
[2017.10.09-18.14.53:756][639]LogPlayLevel: PIE: World Init took: (0.001120s)
[2017.10.09-18.14.53:757][639]LogPlayLevel: PIE: Created PIE world by copying editor world from /Temp/Untitled_1.Untitled_1 to /Temp/UEDPIE_0_Untitled_1.Untitled_1 (0.004077s)
[2017.10.09-18.14.53:785][639]LogInit: XAudio2 using 'Speaker/HP (Realtek High Definition Audio)' : 2 channels at 48 kHz using 32 bits per sample (channel mask 0x3)
[2017.10.09-18.14.53:803][639]LogInit: FAudioDevice initialized.
[2017.10.09-18.14.53:863][639]LogLoad: Game class is 'GameModeBase'
[2017.10.09-18.14.53:866][639]LogWorld: Bringing World /Temp/UEDPIE_0_Untitled_1.Untitled_1 up for play (max tick rate 0) at 2017.10.09-14.14.53
[2017.10.09-18.14.53:866][639]LogWorld: Bringing up level for play took: 0.001866
[2017.10.09-18.14.53:914][639]LogContentBrowser: Native class hierarchy updated for 'MovieSceneCapture' in 0.0007 seconds. Added 11 classes and 0 folders.
[2017.10.09-18.14.53:921][639]PIE: Play in editor start time for /Temp/UEDPIE_0_Untitled_1 -0.354
[2017.10.09-18.14.53:952][639]LogRenderer: Reallocating scene render targets to support 1292x756 Format 10 NumSamples 1 (Frame:1).
[2017.10.09-18.15.09:335][246]LogAIModule: Creating AISystem for world BowCaster
[2017.10.09-18.15.09:341][246]PIE: Warning: AttachTo: '/Game/Levels/BowCaster.BowCaster:PersistentLevel.Player2_457.CollisionCylinder' cannot be attached to itself. Aborting.
[2017.10.09-18.15.09:343][246]PIE: Warning: AttachTo: '/Game/Levels/BowCaster.BowCaster:PersistentLevel.Player_587.CollisionCylinder' cannot be attached to itself. Aborting.
[2017.10.09-18.15.11:149][246]Cmd: OBJ SAVEPACKAGE PACKAGE="/Game/Blueprints/Player" FILE="../../../../../../Users/Timothy/Documents/GitHub/csc404-group3/Bowcaster/Content/Blueprints/Player.uasset" SILENT=true
[2017.10.09-18.15.11:283][246]LogSavePackage: Save=109.04ms
[2017.10.09-18.15.11:283][246]LogSavePackage: Moving '../../../../../../Users/Timothy/Documents/GitHub/csc404-group3/Bowcaster/Saved/PlayerEF9D5E564A98D1EAE2776D8A7E055FB6.tmp' to '../../../../../../Users/Timothy/Documents/GitHub/csc404-group3/Bowcaster/Content/Blueprints/Player.uasset'
[2017.10.09-18.15.11:288][246]LogSavePackage: Display: Finished SavePackage ../../../../../../Users/Timothy/Documents/GitHub/csc404-group3/Bowcaster/Content/Blueprints/Player.uasset
[2017.10.09-18.15.11:289][246]Cmd: MAP LOAD FILE="../../../../../../Users/Timothy/Documents/GitHub/csc404-group3/Bowcaster/Content/Levels/BowCaster.umap" TEMPLATE=0 SHOWPROGRESS=1 FEATURELEVEL=3
[2017.10.09-18.15.11:289][246]LightingResults: New page: Lighting Build
[2017.10.09-18.15.11:290][246]LoadErrors: New page: Loading map: BowCaster.umap
[2017.10.09-18.15.11:290][246]MapCheck: New page: Map Check
[2017.10.09-18.15.11:290][246]LightingResults: New page: Lighting Build
[2017.10.09-18.15.11:323][246]PIE: Warning: AttachTo: '/Game/Levels/BowCaster.BowCaster:PersistentLevel.Player2_457.CollisionCylinder' cannot be attached to itself. Aborting.
[2017.10.09-18.15.11:324][246]PIE: Warning: AttachTo: '/Game/Levels/BowCaster.BowCaster:PersistentLevel.Player_587.CollisionCylinder' cannot be attached to itself. Aborting.
[2017.10.09-18.15.11:325][246]LogEditorServer: Finished looking for orphan Actors (0.000 secs)
[2017.10.09-18.15.11:401][246]Cmd: MAP CHECKDEP NOCLEARLOG
[2017.10.09-18.15.11:465][246]MapCheck: Map check complete: 0 Error(s), 0 Warning(s), took 63.501ms to complete.
[2017.10.09-18.15.11:465][246]LogFileHelpers: Loading map 'BowCaster' took 0.177
[2017.10.09-18.15.13:256][283]LogTemp: Repeating last play command: New Editor Window (PIE)
[2017.10.09-18.15.13:304][283]LogPlayLevel: PlayLevel: No blueprints needed recompiling
[2017.10.09-18.15.13:304][283]PIE: New page: PIE session: BowCaster (Oct 9, 2017, 10:15:13 AM)
[2017.10.09-18.15.13:304][283]LogPlayLevel: Creating play world package: /Game/Levels/UEDPIE_0_BowCaster
[2017.10.09-18.15.13:310][283]LogPlayLevel: PIE: StaticDuplicateObject took: (0.005731s)
[2017.10.09-18.15.13:310][283]LogAIModule: Creating AISystem for world BowCaster
[2017.10.09-18.15.13:310][283]LogPlayLevel: PIE: World Init took: (0.000802s)
[2017.10.09-18.15.13:311][283]LogPlayLevel: PIE: Created PIE world by copying editor world from /Game/Levels/BowCaster.BowCaster to /Game/Levels/UEDPIE_0_BowCaster.BowCaster (0.006858s)
[2017.10.09-18.15.13:334][283]LogInit: XAudio2 using 'Speaker/HP (Realtek High Definition Audio)' : 2 channels at 48 kHz using 32 bits per sample (channel mask 0x3)
[2017.10.09-18.15.13:349][283]LogInit: FAudioDevice initialized.
[2017.10.09-18.15.13:392][283]LogLoad: Game class is 'BowCasterGameMode_C'
[2017.10.09-18.15.13:394][283]LogWorld: Bringing World /Game/Levels/UEDPIE_0_BowCaster.BowCaster up for play (max tick rate 0) at 2017.10.09-14.15.13
[2017.10.09-18.15.13:395][283]LogWorld: Bringing up level for play took: 0.002595
[2017.10.09-18.15.13:399][283]PIE: Warning: AttachTo: '/Game/Levels/UEDPIE_0_BowCaster.BowCaster:PersistentLevel.Player_C_0.CollisionCylinder' cannot be attached to itself. Aborting.
[2017.10.09-18.15.13:407][283]PIE: Play in editor start time for /Game/Levels/UEDPIE_0_BowCaster -0.868
